This is pdfTeX, Version 3.14159265-2.6-1.40.16 (TeX Live 2015/Debian) (preloaded format=pdflatex 2017.2.16)  8 JUL 2017 02:24
entering extended mode
 restricted \write18 enabled.
 %&-line parsing enabled.
**endterm.tex
(./endterm.tex
LaTeX2e <2016/02/01>
Babel <3.9q> and hyphenation patterns for 3 language(s) loaded.
(/usr/share/texlive/texmf-dist/tex/latex/base/article.cls
Document Class: article 2014/09/29 v1.4h Standard LaTeX document class
(/usr/share/texlive/texmf-dist/tex/latex/base/size10.clo
File: size10.clo 2014/09/29 v1.4h Standard LaTeX file (size option)
)
\c@part=\count79
\c@section=\count80
\c@subsection=\count81
\c@subsubsection=\count82
\c@paragraph=\count83
\c@subparagraph=\count84
\c@figure=\count85
\c@table=\count86
\abovecaptionskip=\skip41
\belowcaptionskip=\skip42
\bibindent=\dimen102
)
(/usr/share/texlive/texmf-dist/tex/latex/amsmath/amsmath.sty
Package: amsmath 2016/03/03 v2.15a AMS math features
\@mathmargin=\skip43

For additional information on amsmath, use the `?' option.
(/usr/share/texlive/texmf-dist/tex/latex/amsmath/amstext.sty
Package: amstext 2000/06/29 v2.01 AMS text

(/usr/share/texlive/texmf-dist/tex/latex/amsmath/amsgen.sty
File: amsgen.sty 1999/11/30 v2.0 generic functions
\@emptytoks=\toks14
\ex@=\dimen103
))
(/usr/share/texlive/texmf-dist/tex/latex/amsmath/amsbsy.sty
Package: amsbsy 1999/11/29 v1.2d Bold Symbols
\pmbraise@=\dimen104
)
(/usr/share/texlive/texmf-dist/tex/latex/amsmath/amsopn.sty
Package: amsopn 1999/12/14 v2.01 operator names
)
\inf@bad=\count87
LaTeX Info: Redefining \frac on input line 199.
\uproot@=\count88
\leftroot@=\count89
LaTeX Info: Redefining \overline on input line 297.
\classnum@=\count90
\DOTSCASE@=\count91
LaTeX Info: Redefining \ldots on input line 394.
LaTeX Info: Redefining \dots on input line 397.
LaTeX Info: Redefining \cdots on input line 518.
\Mathstrutbox@=\box26
\strutbox@=\box27
\big@size=\dimen105
LaTeX Font Info:    Redeclaring font encoding OML on input line 630.
LaTeX Font Info:    Redeclaring font encoding OMS on input line 631.
\macc@depth=\count92
\c@MaxMatrixCols=\count93
\dotsspace@=\muskip10
\c@parentequation=\count94
\dspbrk@lvl=\count95
\tag@help=\toks15
\row@=\count96
\column@=\count97
\maxfields@=\count98
\andhelp@=\toks16
\eqnshift@=\dimen106
\alignsep@=\dimen107
\tagshift@=\dimen108
\tagwidth@=\dimen109
\totwidth@=\dimen110
\lineht@=\dimen111
\@envbody=\toks17
\multlinegap=\skip44
\multlinetaggap=\skip45
\mathdisplay@stack=\toks18
LaTeX Info: Redefining \[ on input line 2735.
LaTeX Info: Redefining \] on input line 2736.
) (./caption.sty
Package: caption 2004/05/16 v3.0b Customising captions (AS)
\captionmargin=\dimen112
\captionwidth=\dimen113
\captionindent=\dimen114
\captionparindent=\dimen115
\captionhangindent=\dimen116

(/usr/share/texlive/texmf-dist/tex/latex/graphics/keyval.sty
Package: keyval 2014/10/28 v1.15 key=value parser (DPC)
\KV@toks@=\toks19
))
(/usr/share/texlive/texmf-dist/tex/latex/geometry/geometry.sty
Package: geometry 2010/09/12 v5.6 Page Geometry

(/usr/share/texlive/texmf-dist/tex/generic/oberdiek/ifpdf.sty
Package: ifpdf 2011/01/30 v2.3 Provides the ifpdf switch (HO)
Package ifpdf Info: pdfTeX in PDF mode is detected.
)
(/usr/share/texlive/texmf-dist/tex/generic/oberdiek/ifvtex.sty
Package: ifvtex 2010/03/01 v1.5 Detect VTeX and its facilities (HO)
Package ifvtex Info: VTeX not detected.
)
(/usr/share/texlive/texmf-dist/tex/generic/ifxetex/ifxetex.sty
Package: ifxetex 2010/09/12 v0.6 Provides ifxetex conditional
)
\Gm@cnth=\count99
\Gm@cntv=\count100
\c@Gm@tempcnt=\count101
\Gm@bindingoffset=\dimen117
\Gm@wd@mp=\dimen118
\Gm@odd@mp=\dimen119
\Gm@even@mp=\dimen120
\Gm@layoutwidth=\dimen121
\Gm@layoutheight=\dimen122
\Gm@layouthoffset=\dimen123
\Gm@layoutvoffset=\dimen124
\Gm@dimlist=\toks20
) (./endterm.aux)
\openout1 = `endterm.aux'.

LaTeX Font Info:    Checking defaults for OML/cmm/m/it on input line 26.
LaTeX Font Info:    ... okay on input line 26.
LaTeX Font Info:    Checking defaults for T1/cmr/m/n on input line 26.
LaTeX Font Info:    ... okay on input line 26.
LaTeX Font Info:    Checking defaults for OT1/cmr/m/n on input line 26.
LaTeX Font Info:    ... okay on input line 26.
LaTeX Font Info:    Checking defaults for OMS/cmsy/m/n on input line 26.
LaTeX Font Info:    ... okay on input line 26.
LaTeX Font Info:    Checking defaults for OMX/cmex/m/n on input line 26.
LaTeX Font Info:    ... okay on input line 26.
LaTeX Font Info:    Checking defaults for U/cmr/m/n on input line 26.
LaTeX Font Info:    ... okay on input line 26.

*geometry* driver: auto-detecting
*geometry* detected driver: pdftex
*geometry* verbose mode - [ preamble ] result:
* driver: pdftex
* paper: a4paper
* layout: <same size as paper>
* layoutoffset:(h,v)=(0.0pt,0.0pt)
* modes: 
* h-part:(L,W,R)=(113.81102pt, 369.88583pt, 113.81102pt)
* v-part:(T,H,B)=(113.81102pt, 617.4248pt, 113.81102pt)
* \paperwidth=597.50787pt
* \paperheight=845.04684pt
* \textwidth=369.88583pt
* \textheight=617.4248pt
* \oddsidemargin=41.54103pt
* \evensidemargin=41.54103pt
* \topmargin=4.54103pt
* \headheight=12.0pt
* \headsep=25.0pt
* \topskip=10.0pt
* \footskip=30.0pt
* \marginparwidth=65.0pt
* \marginparsep=11.0pt
* \columnsep=10.0pt
* \skip\footins=9.0pt plus 4.0pt minus 2.0pt
* \hoffset=0.0pt
* \voffset=0.0pt
* \mag=1000
* \@twocolumnfalse
* \@twosidefalse
* \@mparswitchfalse
* \@reversemarginfalse
* (1in=72.27pt=25.4mm, 1cm=28.453pt)

[1

{/var/lib/texmf/fonts/map/pdftex/updmap/pdftex.map}] [2]
Underfull \hbox (badness 10000) in paragraph at lines 114--123

 []


Overfull \hbox (37.96118pt too wide) detected at line 128
\OML/cmm/m/it/10 X\OT1/cmr/m/n/10 (\OML/cmm/m/it/10 t \OT1/cmr/m/n/10 + 1\OML/c
mm/m/it/10 ; k; x; y\OT1/cmr/m/n/10 ) \OMS/cmsy/m/n/10 ) \OML/cmm/m/it/10 X\OT1
/cmr/m/n/10 (\OML/cmm/m/it/10 t; k; x; y\OT1/cmr/m/n/10 ) \OMS/cmsy/m/n/10 _ \O
ML/cmm/m/it/10 X\OT1/cmr/m/n/10 (\OML/cmm/m/it/10 t; k; x \OMS/cmsy/m/n/10 ^^@ 
\OT1/cmr/m/n/10 1\OML/cmm/m/it/10 ; y\OT1/cmr/m/n/10 ) \OMS/cmsy/m/n/10 _ \OML/
cmm/m/it/10 X\OT1/cmr/m/n/10 (\OML/cmm/m/it/10 t; k; x; y \OMS/cmsy/m/n/10 ^^@ 
\OT1/cmr/m/n/10 1) \OMS/cmsy/m/n/10 _ \OML/cmm/m/it/10 X\OT1/cmr/m/n/10 (\OML/c
mm/m/it/10 t; k; x \OT1/cmr/m/n/10 + 1\OML/cmm/m/it/10 ; y\OT1/cmr/m/n/10 ) \OM
S/cmsy/m/n/10 _ \OML/cmm/m/it/10 X\OT1/cmr/m/n/10 (\OML/cmm/m/it/10 t; k; x; y 
\OT1/cmr/m/n/10 + 1)
 []

[3]
Underfull \hbox (badness 10000) in paragraph at lines 185--186

 []

[4]
Underfull \hbox (badness 10000) in paragraph at lines 196--196
[]\OT1/cmr/m/n/10 Number of
 []


Underfull \hbox (badness 10000) in paragraph at lines 196--196
[]\OT1/cmr/m/n/10 Timing for
 []


Underfull \hbox (badness 10000) in paragraph at lines 196--196
[]\OT1/cmr/m/n/10 Timing for
 []


Underfull \hbox (badness 10000) in paragraph at lines 213--213
[]\OT1/cmr/m/n/10 Number of
 []


Underfull \hbox (badness 10000) in paragraph at lines 213--213
[]\OT1/cmr/m/n/10 Timing for
 []


Underfull \hbox (badness 10000) in paragraph at lines 213--213
[]\OT1/cmr/m/n/10 Timing for
 []


Underfull \hbox (badness 10000) in paragraph at lines 232--233

 []

[5]
Underfull \hbox (badness 10000) in paragraph at lines 242--242
[]\OT1/cmr/m/n/10 Number of
 []


Underfull \hbox (badness 10000) in paragraph at lines 242--242
[]\OT1/cmr/m/n/10 Non-
 []


Underfull \hbox (badness 10000) in paragraph at lines 242--242
\OT1/cmr/m/n/10 optimised
 []


Underfull \hbox (badness 10000) in paragraph at lines 242--242
[]\OT1/cmr/m/n/10 Optimised
 []


Underfull \hbox (badness 10000) in paragraph at lines 259--259
[]\OT1/cmr/m/n/10 Number of
 []


Underfull \hbox (badness 10000) in paragraph at lines 259--259
[]\OT1/cmr/m/n/10 Non-
 []


Underfull \hbox (badness 10000) in paragraph at lines 259--259
\OT1/cmr/m/n/10 optimised
 []


Underfull \hbox (badness 10000) in paragraph at lines 259--259
[]\OT1/cmr/m/n/10 Optimised
 []

[6]
Underfull \hbox (badness 10000) in paragraph at lines 309--309
[]\OT1/cmr/m/n/10 Number of
 []


Underfull \hbox (badness 10000) in paragraph at lines 309--309
[]\OT1/cmr/m/n/10 Timing for
 []


Underfull \hbox (badness 7832) in paragraph at lines 309--309
\OT1/cmr/m/n/10 SMT based
 []


Underfull \hbox (badness 10000) in paragraph at lines 309--309
[]\OT1/cmr/m/n/10 Timing for
 []


Underfull \hbox (badness 10000) in paragraph at lines 309--309
\OT1/cmr/m/n/10 SAT based
 []


LaTeX Warning: `!h' float specifier changed to `!ht'.


Underfull \hbox (badness 10000) in paragraph at lines 353--353
[]\OT1/cmr/m/n/10 Number of
 []


Underfull \hbox (badness 10000) in paragraph at lines 353--353
[]\OT1/cmr/m/n/10 Timing for
 []


Underfull \hbox (badness 7832) in paragraph at lines 353--353
\OT1/cmr/m/n/10 SMT based
 []


Underfull \hbox (badness 10000) in paragraph at lines 353--353
[]\OT1/cmr/m/n/10 Timing for
 []


Underfull \hbox (badness 10000) in paragraph at lines 353--353
\OT1/cmr/m/n/10 SAT based
 []

[7]
Underfull \hbox (badness 10000) in paragraph at lines 373--373
[]\OT1/cmr/m/n/10 Number of
 []


Underfull \hbox (badness 10000) in paragraph at lines 373--373
[]\OT1/cmr/m/n/10 Timing for
 []


Underfull \hbox (badness 7832) in paragraph at lines 373--373
\OT1/cmr/m/n/10 SMT based
 []


Underfull \hbox (badness 10000) in paragraph at lines 373--373
[]\OT1/cmr/m/n/10 Timing for
 []


Underfull \hbox (badness 10000) in paragraph at lines 373--373
\OT1/cmr/m/n/10 SAT based
 []

[8]
Overfull \hbox (55.16618pt too wide) in paragraph at lines 405--409
\OT1/cmtt/m/n/10 https://www.seas.harvard.edu/news/2014/08/self-organizing-thou
sand-robot-swarm 
 []

Missing character: There is no Ã in font cmr10!
Missing character: There is no ƒ in font cmr10!
Missing character: There is no Â in font cmr10!
Missing character: There is no © in font cmr10!
Missing character: There is no Ã in font cmr10!
Missing character: There is no ƒ in font cmr10!
Missing character: There is no Â in font cmr10!
Missing character: There is no ¶ in font cmr10!
Missing character: There is no Ã in font cmr10!
Missing character: There is no ª in font cmr10!
[9] (./endterm.aux) ) 
Here is how much of TeX's memory you used:
 1691 strings out of 494953
 22941 string characters out of 6180977
 94335 words of memory out of 5000000
 5008 multiletter control sequences out of 15000+600000
 9896 words of font info for 36 fonts, out of 8000000 for 9000
 14 hyphenation exceptions out of 8191
 27i,15n,32p,471b,217s stack positions out of 5000i,500n,10000p,200000b,80000s
</usr/share/texlive/texmf-dist/fonts/type1/public/amsfonts
/cm/cmbx10.pfb></usr/share/texlive/texmf-dist/fonts/type1/public/amsfonts/cm/cm
bx12.pfb></usr/share/texlive/texmf-dist/fonts/type1/public/amsfonts/cm/cmbxti10
.pfb></usr/share/texlive/texmf-dist/fonts/type1/public/amsfonts/cm/cmmi10.pfb><
/usr/share/texlive/texmf-dist/fonts/type1/public/amsfonts/cm/cmmi7.pfb></usr/sh
are/texlive/texmf-dist/fonts/type1/public/amsfonts/cm/cmr10.pfb></usr/share/tex
live/texmf-dist/fonts/type1/public/amsfonts/cm/cmr12.pfb></usr/share/texlive/te
xmf-dist/fonts/type1/public/amsfonts/cm/cmr17.pfb></usr/share/texlive/texmf-dis
t/fonts/type1/public/amsfonts/cm/cmr7.pfb></usr/share/texlive/texmf-dist/fonts/
type1/public/amsfonts/cm/cmsy10.pfb></usr/share/texlive/texmf-dist/fonts/type1/
public/amsfonts/cm/cmsy7.pfb></usr/share/texlive/texmf-dist/fonts/type1/public/
amsfonts/cm/cmti10.pfb></usr/share/texlive/texmf-dist/fonts/type1/public/amsfon
ts/cm/cmtt10.pfb>
Output written on endterm.pdf (9 pages, 196570 bytes).
PDF statistics:
 86 PDF objects out of 1000 (max. 8388607)
 61 compressed objects within 1 object stream
 0 named destinations out of 1000 (max. 500000)
 1 words of extra memory for PDF output out of 10000 (max. 10000000)

